<?xml version="1.0" encoding="UTF-8"?>
<testsuite xmlns:xsi="http://www.w3.org/2001/XMLSchema-instance" xsi:noNamespaceSchemaLocation="https://maven.apache.org/surefire/maven-surefire-plugin/xsd/surefire-test-report.xsd" name="Common Steps" time="18.254" tests="11" errors="0" skipped="0" failures="0">
  <properties>
    <property name="gopherProxySet" value="false"/>
    <property name="awt.toolkit" value="sun.lwawt.macosx.LWCToolkit"/>
    <property name="file.encoding.pkg" value="sun.io"/>
    <property name="java.specification.version" value="1.8"/>
    <property name="sun.cpu.isalist" value=""/>
    <property name="sun.jnu.encoding" value="UTF-8"/>
    <property name="java.class.path" value="/Users/atkins95/workspace/twitter-api/target/test-classes:/Users/atkins95/workspace/twitter-api/target/classes:/Users/atkins95/.m2/repository/io/rest-assured/rest-assured/4.3.1/rest-assured-4.3.1.jar:/Users/atkins95/.m2/repository/org/codehaus/groovy/groovy/3.0.3/groovy-3.0.3.jar:/Users/atkins95/.m2/repository/org/codehaus/groovy/groovy-xml/3.0.3/groovy-xml-3.0.3.jar:/Users/atkins95/.m2/repository/org/apache/httpcomponents/httpclient/4.5.3/httpclient-4.5.3.jar:/Users/atkins95/.m2/repository/org/apache/httpcomponents/httpcore/4.4.6/httpcore-4.4.6.jar:/Users/atkins95/.m2/repository/commons-logging/commons-logging/1.2/commons-logging-1.2.jar:/Users/atkins95/.m2/repository/commons-codec/commons-codec/1.9/commons-codec-1.9.jar:/Users/atkins95/.m2/repository/org/apache/httpcomponents/httpmime/4.5.3/httpmime-4.5.3.jar:/Users/atkins95/.m2/repository/org/hamcrest/hamcrest/2.1/hamcrest-2.1.jar:/Users/atkins95/.m2/repository/org/ccil/cowan/tagsoup/tagsoup/1.2.1/tagsoup-1.2.1.jar:/Users/atkins95/.m2/repository/io/rest-assured/json-path/4.3.1/json-path-4.3.1.jar:/Users/atkins95/.m2/repository/org/codehaus/groovy/groovy-json/3.0.3/groovy-json-3.0.3.jar:/Users/atkins95/.m2/repository/io/rest-assured/rest-assured-common/4.3.1/rest-assured-common-4.3.1.jar:/Users/atkins95/.m2/repository/io/rest-assured/xml-path/4.3.1/xml-path-4.3.1.jar:/Users/atkins95/.m2/repository/org/apache/commons/commons-lang3/3.4/commons-lang3-3.4.jar:/Users/atkins95/.m2/repository/jakarta/xml/bind/jakarta.xml.bind-api/2.3.3/jakarta.xml.bind-api-2.3.3.jar:/Users/atkins95/.m2/repository/jakarta/activation/jakarta.activation-api/1.2.2/jakarta.activation-api-1.2.2.jar:/Users/atkins95/.m2/repository/com/sun/xml/bind/jaxb-impl/2.3.3/jaxb-impl-2.3.3.jar:/Users/atkins95/.m2/repository/io/cucumber/cucumber-java/4.6.0/cucumber-java-4.6.0.jar:/Users/atkins95/.m2/repository/io/cucumber/cucumber-core/4.6.0/cucumber-core-4.6.0.jar:/Users/atkins95/.m2/repository/io/cucumber/gherkin/5.1.0/gherkin-5.1.0.jar:/Users/atkins95/.m2/repository/io/cucumber/tag-expressions/1.1.1/tag-expressions-1.1.1.jar:/Users/atkins95/.m2/repository/io/cucumber/cucumber-expressions/7.0.2/cucumber-expressions-7.0.2.jar:/Users/atkins95/.m2/repository/io/cucumber/datatable/1.1.14/datatable-1.1.14.jar:/Users/atkins95/.m2/repository/io/cucumber/datatable-dependencies/1.1.14/datatable-dependencies-1.1.14.jar:/Users/atkins95/.m2/repository/org/apiguardian/apiguardian-api/1.1.0/apiguardian-api-1.1.0.jar:/Users/atkins95/.m2/repository/io/cucumber/cucumber-junit/4.6.0/cucumber-junit-4.6.0.jar:/Users/atkins95/.m2/repository/io/cucumber/cucumber-picocontainer/4.6.0/cucumber-picocontainer-4.6.0.jar:/Users/atkins95/.m2/repository/org/picocontainer/picocontainer/2.15/picocontainer-2.15.jar:/Users/atkins95/.m2/repository/junit/junit/4.12/junit-4.12.jar:/Users/atkins95/.m2/repository/org/hamcrest/hamcrest-core/1.3/hamcrest-core-1.3.jar:/Users/atkins95/.m2/repository/com/github/scribejava/scribejava-apis/5.4.0/scribejava-apis-5.4.0.jar:/Users/atkins95/.m2/repository/com/github/scribejava/scribejava-core/2.5.3/scribejava-core-2.5.3.jar:/Users/atkins95/.m2/repository/io/rest-assured/json-schema-validator/4.3.0/json-schema-validator-4.3.0.jar:/Users/atkins95/.m2/repository/com/github/java-json-tools/json-schema-validator/2.2.10/json-schema-validator-2.2.10.jar:/Users/atkins95/.m2/repository/com/github/java-json-tools/json-schema-core/1.2.10/json-schema-core-1.2.10.jar:/Users/atkins95/.m2/repository/com/github/java-json-tools/jackson-coreutils/1.9/jackson-coreutils-1.9.jar:/Users/atkins95/.m2/repository/com/google/guava/guava/16.0.1/guava-16.0.1.jar:/Users/atkins95/.m2/repository/com/github/fge/msg-simple/1.1/msg-simple-1.1.jar:/Users/atkins95/.m2/repository/com/github/fge/btf/1.2/btf-1.2.jar:/Users/atkins95/.m2/repository/com/github/fge/uri-template/0.9/uri-template-0.9.jar:/Users/atkins95/.m2/repository/org/mozilla/rhino/1.7.7.1/rhino-1.7.7.1.jar:/Users/atkins95/.m2/repository/javax/mail/mailapi/1.4.3/mailapi-1.4.3.jar:/Users/atkins95/.m2/repository/javax/activation/activation/1.1/activation-1.1.jar:/Users/atkins95/.m2/repository/joda-time/joda-time/2.9.7/joda-time-2.9.7.jar:/Users/atkins95/.m2/repository/com/googlecode/libphonenumber/libphonenumber/8.0.0/libphonenumber-8.0.0.jar:/Users/atkins95/.m2/repository/com/google/code/findbugs/jsr305/3.0.1/jsr305-3.0.1.jar:/Users/atkins95/.m2/repository/net/sf/jopt-simple/jopt-simple/5.0.3/jopt-simple-5.0.3.jar:/Users/atkins95/.m2/repository/com/fasterxml/jackson/core/jackson-databind/2.11.3/jackson-databind-2.11.3.jar:/Users/atkins95/.m2/repository/com/fasterxml/jackson/core/jackson-annotations/2.11.3/jackson-annotations-2.11.3.jar:/Users/atkins95/.m2/repository/com/fasterxml/jackson/core/jackson-core/2.11.3/jackson-core-2.11.3.jar:/Users/atkins95/.m2/repository/com/google/code/gson/gson/2.8.6/gson-2.8.6.jar:/Users/atkins95/.m2/repository/org/apache/logging/log4j/log4j-core/2.14.0/log4j-core-2.14.0.jar:/Users/atkins95/.m2/repository/org/apache/logging/log4j/log4j-api/2.14.0/log4j-api-2.14.0.jar:"/>
    <property name="java.vm.vendor" value="AdoptOpenJDK"/>
    <property name="sun.arch.data.model" value="64"/>
    <property name="java.vendor.url" value="http://java.oracle.com/"/>
    <property name="user.timezone" value="Europe/London"/>
    <property name="java.vm.specification.version" value="1.8"/>
    <property name="os.name" value="Mac OS X"/>
    <property name="user.country" value="GB"/>
    <property name="sun.java.launcher" value="SUN_STANDARD"/>
    <property name="sun.boot.library.path" value="/Library/Java/JavaVirtualMachines/adoptopenjdk-8.jdk/Contents/Home/jre/lib"/>
    <property name="sun.java.command" value="/Users/atkins95/workspace/twitter-api/target/surefire/surefirebooter3961189180285142695.jar /Users/atkins95/workspace/twitter-api/target/surefire 2021-01-13T04-21-51_479-jvmRun1 surefire1393491465192324048tmp surefire_03488030023142440149tmp"/>
    <property name="http.nonProxyHosts" value="local|*.local|169.254/16|*.169.254/16"/>
    <property name="surefire.test.class.path" value="/Users/atkins95/workspace/twitter-api/target/test-classes:/Users/atkins95/workspace/twitter-api/target/classes:/Users/atkins95/.m2/repository/io/rest-assured/rest-assured/4.3.1/rest-assured-4.3.1.jar:/Users/atkins95/.m2/repository/org/codehaus/groovy/groovy/3.0.3/groovy-3.0.3.jar:/Users/atkins95/.m2/repository/org/codehaus/groovy/groovy-xml/3.0.3/groovy-xml-3.0.3.jar:/Users/atkins95/.m2/repository/org/apache/httpcomponents/httpclient/4.5.3/httpclient-4.5.3.jar:/Users/atkins95/.m2/repository/org/apache/httpcomponents/httpcore/4.4.6/httpcore-4.4.6.jar:/Users/atkins95/.m2/repository/commons-logging/commons-logging/1.2/commons-logging-1.2.jar:/Users/atkins95/.m2/repository/commons-codec/commons-codec/1.9/commons-codec-1.9.jar:/Users/atkins95/.m2/repository/org/apache/httpcomponents/httpmime/4.5.3/httpmime-4.5.3.jar:/Users/atkins95/.m2/repository/org/hamcrest/hamcrest/2.1/hamcrest-2.1.jar:/Users/atkins95/.m2/repository/org/ccil/cowan/tagsoup/tagsoup/1.2.1/tagsoup-1.2.1.jar:/Users/atkins95/.m2/repository/io/rest-assured/json-path/4.3.1/json-path-4.3.1.jar:/Users/atkins95/.m2/repository/org/codehaus/groovy/groovy-json/3.0.3/groovy-json-3.0.3.jar:/Users/atkins95/.m2/repository/io/rest-assured/rest-assured-common/4.3.1/rest-assured-common-4.3.1.jar:/Users/atkins95/.m2/repository/io/rest-assured/xml-path/4.3.1/xml-path-4.3.1.jar:/Users/atkins95/.m2/repository/org/apache/commons/commons-lang3/3.4/commons-lang3-3.4.jar:/Users/atkins95/.m2/repository/jakarta/xml/bind/jakarta.xml.bind-api/2.3.3/jakarta.xml.bind-api-2.3.3.jar:/Users/atkins95/.m2/repository/jakarta/activation/jakarta.activation-api/1.2.2/jakarta.activation-api-1.2.2.jar:/Users/atkins95/.m2/repository/com/sun/xml/bind/jaxb-impl/2.3.3/jaxb-impl-2.3.3.jar:/Users/atkins95/.m2/repository/io/cucumber/cucumber-java/4.6.0/cucumber-java-4.6.0.jar:/Users/atkins95/.m2/repository/io/cucumber/cucumber-core/4.6.0/cucumber-core-4.6.0.jar:/Users/atkins95/.m2/repository/io/cucumber/gherkin/5.1.0/gherkin-5.1.0.jar:/Users/atkins95/.m2/repository/io/cucumber/tag-expressions/1.1.1/tag-expressions-1.1.1.jar:/Users/atkins95/.m2/repository/io/cucumber/cucumber-expressions/7.0.2/cucumber-expressions-7.0.2.jar:/Users/atkins95/.m2/repository/io/cucumber/datatable/1.1.14/datatable-1.1.14.jar:/Users/atkins95/.m2/repository/io/cucumber/datatable-dependencies/1.1.14/datatable-dependencies-1.1.14.jar:/Users/atkins95/.m2/repository/org/apiguardian/apiguardian-api/1.1.0/apiguardian-api-1.1.0.jar:/Users/atkins95/.m2/repository/io/cucumber/cucumber-junit/4.6.0/cucumber-junit-4.6.0.jar:/Users/atkins95/.m2/repository/io/cucumber/cucumber-picocontainer/4.6.0/cucumber-picocontainer-4.6.0.jar:/Users/atkins95/.m2/repository/org/picocontainer/picocontainer/2.15/picocontainer-2.15.jar:/Users/atkins95/.m2/repository/junit/junit/4.12/junit-4.12.jar:/Users/atkins95/.m2/repository/org/hamcrest/hamcrest-core/1.3/hamcrest-core-1.3.jar:/Users/atkins95/.m2/repository/com/github/scribejava/scribejava-apis/5.4.0/scribejava-apis-5.4.0.jar:/Users/atkins95/.m2/repository/com/github/scribejava/scribejava-core/2.5.3/scribejava-core-2.5.3.jar:/Users/atkins95/.m2/repository/io/rest-assured/json-schema-validator/4.3.0/json-schema-validator-4.3.0.jar:/Users/atkins95/.m2/repository/com/github/java-json-tools/json-schema-validator/2.2.10/json-schema-validator-2.2.10.jar:/Users/atkins95/.m2/repository/com/github/java-json-tools/json-schema-core/1.2.10/json-schema-core-1.2.10.jar:/Users/atkins95/.m2/repository/com/github/java-json-tools/jackson-coreutils/1.9/jackson-coreutils-1.9.jar:/Users/atkins95/.m2/repository/com/google/guava/guava/16.0.1/guava-16.0.1.jar:/Users/atkins95/.m2/repository/com/github/fge/msg-simple/1.1/msg-simple-1.1.jar:/Users/atkins95/.m2/repository/com/github/fge/btf/1.2/btf-1.2.jar:/Users/atkins95/.m2/repository/com/github/fge/uri-template/0.9/uri-template-0.9.jar:/Users/atkins95/.m2/repository/org/mozilla/rhino/1.7.7.1/rhino-1.7.7.1.jar:/Users/atkins95/.m2/repository/javax/mail/mailapi/1.4.3/mailapi-1.4.3.jar:/Users/atkins95/.m2/repository/javax/activation/activation/1.1/activation-1.1.jar:/Users/atkins95/.m2/repository/joda-time/joda-time/2.9.7/joda-time-2.9.7.jar:/Users/atkins95/.m2/repository/com/googlecode/libphonenumber/libphonenumber/8.0.0/libphonenumber-8.0.0.jar:/Users/atkins95/.m2/repository/com/google/code/findbugs/jsr305/3.0.1/jsr305-3.0.1.jar:/Users/atkins95/.m2/repository/net/sf/jopt-simple/jopt-simple/5.0.3/jopt-simple-5.0.3.jar:/Users/atkins95/.m2/repository/com/fasterxml/jackson/core/jackson-databind/2.11.3/jackson-databind-2.11.3.jar:/Users/atkins95/.m2/repository/com/fasterxml/jackson/core/jackson-annotations/2.11.3/jackson-annotations-2.11.3.jar:/Users/atkins95/.m2/repository/com/fasterxml/jackson/core/jackson-core/2.11.3/jackson-core-2.11.3.jar:/Users/atkins95/.m2/repository/com/google/code/gson/gson/2.8.6/gson-2.8.6.jar:/Users/atkins95/.m2/repository/org/apache/logging/log4j/log4j-core/2.14.0/log4j-core-2.14.0.jar:/Users/atkins95/.m2/repository/org/apache/logging/log4j/log4j-api/2.14.0/log4j-api-2.14.0.jar:"/>
    <property name="sun.cpu.endian" value="little"/>
    <property name="user.home" value="/Users/atkins95"/>
    <property name="user.language" value="en"/>
    <property name="java.specification.vendor" value="Oracle Corporation"/>
    <property name="java.home" value="/Library/Java/JavaVirtualMachines/adoptopenjdk-8.jdk/Contents/Home/jre"/>
    <property name="basedir" value="/Users/atkins95/workspace/twitter-api"/>
    <property name="file.separator" value="/"/>
    <property name="line.separator" value="&#10;"/>
    <property name="java.vm.specification.vendor" value="Oracle Corporation"/>
    <property name="java.specification.name" value="Java Platform API Specification"/>
    <property name="java.awt.graphicsenv" value="sun.awt.CGraphicsEnvironment"/>
    <property name="surefire.real.class.path" value="/Users/atkins95/workspace/twitter-api/target/surefire/surefirebooter3961189180285142695.jar"/>
    <property name="sun.boot.class.path" value="/Library/Java/JavaVirtualMachines/adoptopenjdk-8.jdk/Contents/Home/jre/lib/resources.jar:/Library/Java/JavaVirtualMachines/adoptopenjdk-8.jdk/Contents/Home/jre/lib/rt.jar:/Library/Java/JavaVirtualMachines/adoptopenjdk-8.jdk/Contents/Home/jre/lib/sunrsasign.jar:/Library/Java/JavaVirtualMachines/adoptopenjdk-8.jdk/Contents/Home/jre/lib/jsse.jar:/Library/Java/JavaVirtualMachines/adoptopenjdk-8.jdk/Contents/Home/jre/lib/jce.jar:/Library/Java/JavaVirtualMachines/adoptopenjdk-8.jdk/Contents/Home/jre/lib/charsets.jar:/Library/Java/JavaVirtualMachines/adoptopenjdk-8.jdk/Contents/Home/jre/lib/jfr.jar:/Library/Java/JavaVirtualMachines/adoptopenjdk-8.jdk/Contents/Home/jre/classes"/>
    <property name="sun.management.compiler" value="HotSpot 64-Bit Tiered Compilers"/>
    <property name="ftp.nonProxyHosts" value="local|*.local|169.254/16|*.169.254/16"/>
    <property name="java.runtime.version" value="1.8.0_222-b10"/>
    <property name="user.name" value="atkins95"/>
    <property name="path.separator" value=":"/>
    <property name="os.version" value="10.14.6"/>
    <property name="java.endorsed.dirs" value="/Library/Java/JavaVirtualMachines/adoptopenjdk-8.jdk/Contents/Home/jre/lib/endorsed"/>
    <property name="java.runtime.name" value="OpenJDK Runtime Environment"/>
    <property name="file.encoding" value="UTF-8"/>
    <property name="java.vm.name" value="OpenJDK 64-Bit Server VM"/>
    <property name="localRepository" value="/Users/atkins95/.m2/repository"/>
    <property name="java.vendor.url.bug" value="http://bugreport.sun.com/bugreport/"/>
    <property name="java.io.tmpdir" value="/var/folders/5x/97bxsc6d77dg_fqcx5jd13ccqn4xgq/T/"/>
    <property name="java.version" value="1.8.0_222"/>
    <property name="user.dir" value="/Users/atkins95/workspace/twitter-api"/>
    <property name="os.arch" value="x86_64"/>
    <property name="java.vm.specification.name" value="Java Virtual Machine Specification"/>
    <property name="java.awt.printerjob" value="sun.lwawt.macosx.CPrinterJob"/>
    <property name="sun.os.patch.level" value="unknown"/>
    <property name="java.library.path" value="/Users/atkins95/Library/Java/Extensions:/Library/Java/Extensions:/Network/Library/Java/Extensions:/System/Library/Java/Extensions:/usr/lib/java:."/>
    <property name="java.vm.info" value="mixed mode"/>
    <property name="java.vendor" value="AdoptOpenJDK"/>
    <property name="java.vm.version" value="25.222-b10"/>
    <property name="java.ext.dirs" value="/Users/atkins95/Library/Java/Extensions:/Library/Java/JavaVirtualMachines/adoptopenjdk-8.jdk/Contents/Home/jre/lib/ext:/Library/Java/Extensions:/Network/Library/Java/Extensions:/System/Library/Java/Extensions:/usr/lib/java"/>
    <property name="sun.io.unicode.encoding" value="UnicodeBig"/>
    <property name="java.class.version" value="52.0"/>
    <property name="socksNonProxyHosts" value="local|*.local|169.254/16|*.169.254/16"/>
  </properties>
  <testcase name="Get tweet basic" classname="Common Steps" time="3.365"/>
  <testcase name="Get tweet basic 2" classname="Common Steps" time="0.973"/>
  <testcase name="Get tweet basic 3" classname="Common Steps" time="0.728"/>
  <testcase name="Get tweet with query parameters" classname="Common Steps" time="0.471"/>
  <testcase name="Get tweet with query parameters 2" classname="Common Steps" time="0.43"/>
  <testcase name="Get tweet with multiple parameters" classname="Common Steps" time="0.52"/>
  <testcase name="Post tweet - delete tweet - get tweet" classname="Common Steps" time="1.811"/>
  <testcase name="Post tweet - favourite tweet - delete tweet" classname="Common Steps" time="1.532"/>
  <testcase name="Get rule" classname="Common Steps" time="0.506"/>
  <testcase name="Post rule - delete rule" classname="Common Steps" time="3.342"/>
  <testcase name="Post 2 rules - delete 2 rules" classname="Common Steps" time="4.566"/>
</testsuite>